Size-collision groups to hash: 14009
  group 0/14009 len=7 n=34
  group 50/14009 len=1458 n=5
  group 100/14009 len=39905 n=2
  group 150/14009 len=1484 n=8
  group 200/14009 len=1540 n=4
  group 250/14009 len=996 n=15
  group 300/14009 len=4053 n=2
  group 350/14009 len=4009 n=3
  group 400/14009 len=359 n=7
  group 450/14009 len=1086 n=19
  group 500/14009 len=1938 n=16
  group 550/14009 len=360 n=14
  group 600/14009 len=365 n=13
  group 650/14009 len=2745 n=2
  group 700/14009 len=128949 n=2
  group 750/14009 len=11447 n=2
  group 800/14009 len=988016 n=2
  group 850/14009 len=1186 n=10
  group 900/14009 len=1079 n=10
  group 950/14009 len=1460 n=6
  group 1000/14009 len=16388 n=3
  group 1050/14009 len=946 n=9
  group 1100/14009 len=6801 n=4
  group 1150/14009 len=381 n=18
  group 1200/14009 len=7975 n=2
  group 1250/14009 len=2712 n=10
  group 1300/14009 len=5695 n=4
  group 1350/14009 len=2599 n=2
  group 1400/14009 len=1557 n=7
  group 1450/14009 len=4213 n=7
  group 1500/14009 len=3396 n=5
  group 1550/14009 len=3575 n=3
  group 1600/14009 len=5162 n=3
  group 1650/14009 len=350 n=20
  group 1700/14009 len=3379 n=6
  group 1750/14009 len=3051 n=8
  group 1800/14009 len=4008 n=6
  group 1850/14009 len=13749 n=2
  group 1900/14009 len=19985 n=3
  group 1950/14009 len=5123 n=2
  group 2000/14009 len=934 n=6
  group 2050/14009 len=1192 n=13
  group 2100/14009 len=932 n=48
  group 2150/14009 len=1418 n=6
  group 2200/14009 len=6475 n=3
  group 2250/14009 len=6177 n=3
  group 2300/14009 len=3192 n=8
  group 2350/14009 len=23441 n=2
  group 2400/14009 len=1788 n=8
  group 2450/14009 len=19822 n=5
  group 2500/14009 len=16645 n=5
  group 2550/14009 len=22471 n=2
  group 2600/14009 len=67132 n=2
  group 2650/14009 len=9514 n=2
  group 2700/14009 len=18414 n=2
  group 2750/14009 len=27393 n=2
  group 2800/14009 len=4076 n=4
  group 2850/14009 len=3146 n=6
  group 2900/14009 len=194571 n=3
  group 2950/14009 len=75776 n=3
  group 3000/14009 len=2496 n=11
  group 3050/14009 len=2520 n=5
  group 3100/14009 len=7564 n=3
  group 3150/14009 len=3465 n=5
  group 3200/14009 len=581 n=16
  group 3250/14009 len=1772 n=11
  group 3300/14009 len=2082 n=5
  group 3350/14009 len=3044 n=3
  group 3400/14009 len=2765 n=6
  group 3450/14009 len=949 n=11
  group 3500/14009 len=1493 n=7
  group 3550/14009 len=1481 n=11
  group 3600/14009 len=6552 n=2
  group 3650/14009 len=9916 n=3
  group 3700/14009 len=6644 n=2
  group 3750/14009 len=6437 n=2
  group 3800/14009 len=8102 n=4
  group 3850/14009 len=53862 n=3
  group 3900/14009 len=18450 n=2
  group 3950/14009 len=117 n=14
  group 4000/14009 len=186 n=31
  group 4050/14009 len=2643 n=6
  group 4100/14009 len=5478 n=2
  group 4150/14009 len=5458 n=2
  group 4200/14009 len=415 n=24
  group 4250/14009 len=1131 n=8
  group 4300/14009 len=120368 n=3
  group 4350/14009 len=5632 n=6
  group 4400/14009 len=119 n=31
  group 4450/14009 len=1357 n=13
  group 4500/14009 len=6439 n=8
  group 4550/14009 len=6262 n=11
  group 4600/14009 len=16575 n=3
  group 4650/14009 len=6348 n=4
  group 4700/14009 len=6615 n=2
  group 4750/14009 len=7494 n=4
  group 4800/14009 len=7348 n=3
  group 4850/14009 len=6208 n=4
  group 4900/14009 len=3805 n=3
  group 4950/14009 len=3124 n=2
  group 5000/14009 len=45056 n=5
  group 5050/14009 len=1042 n=9
  group 5100/14009 len=69847 n=4
  group 5150/14009 len=67745 n=4
  group 5200/14009 len=64341 n=2
  group 5250/14009 len=64033 n=2
  group 5300/14009 len=15800 n=5
  group 5350/14009 len=71250 n=2
  group 5400/14009 len=69444 n=2
  group 5450/14009 len=66314 n=4
  group 5500/14009 len=64654 n=2
  group 5550/14009 len=65591 n=4
  group 5600/14009 len=69337 n=2
  group 5650/14009 len=73826 n=2
  group 5700/14009 len=72500 n=6
  group 5750/14009 len=74181 n=2
  group 5800/14009 len=64537 n=2
  group 5850/14009 len=65568 n=2
  group 5900/14009 len=68761 n=4
  group 5950/14009 len=68830 n=2
  group 6000/14009 len=68971 n=2
  group 6050/14009 len=70482 n=2
  group 6100/14009 len=70795 n=2
  group 6150/14009 len=69108 n=2
  group 6200/14009 len=71216 n=2
  group 6250/14009 len=54382 n=2
  group 6300/14009 len=55637 n=2
  group 6350/14009 len=74085 n=2
  group 6400/14009 len=72255 n=4
  group 6450/14009 len=73359 n=2
  group 6500/14009 len=59759 n=2
  group 6550/14009 len=59345 n=2
  group 6600/14009 len=57270 n=2
  group 6650/14009 len=57434 n=2
  group 6700/14009 len=57931 n=2
  group 6750/14009 len=57899 n=2
  group 6800/14009 len=35743 n=4
  group 6850/14009 len=2266 n=2
  group 6900/14009 len=4907 n=3
  group 6950/14009 len=8191 n=2
  group 7000/14009 len=10725 n=2
  group 7050/14009 len=4196 n=5
  group 7100/14009 len=2267 n=3
  group 7150/14009 len=826 n=11
  group 7200/14009 len=6733 n=3
  group 7250/14009 len=1926 n=5
  group 7300/14009 len=8434 n=3
  group 7350/14009 len=4536 n=2
  group 7400/14009 len=1342 n=5
  group 7450/14009 len=2226 n=8
  group 7500/14009 len=25196 n=2
  group 7550/14009 len=6820 n=6
  group 7600/14009 len=6195 n=3
  group 7650/14009 len=10416 n=3
  group 7700/14009 len=34074 n=2
  group 7750/14009 len=25258 n=2
  group 7800/14009 len=7775 n=2
  group 7850/14009 len=8640 n=2
  group 7900/14009 len=3267 n=3
  group 7950/14009 len=9335 n=2
  group 8000/14009 len=5180 n=4
  group 8050/14009 len=4080 n=6
  group 8100/14009 len=21054 n=2
  group 8150/14009 len=8626 n=4
  group 8200/14009 len=16019 n=2
  group 8250/14009 len=3097 n=3
  group 8300/14009 len=127646 n=2
  group 8350/14009 len=820658 n=2
  group 8400/14009 len=2893 n=2
  group 8450/14009 len=10190 n=2
  group 8500/14009 len=7590 n=3
  group 8550/14009 len=15201 n=3
  group 8600/14009 len=1675 n=3
  group 8650/14009 len=4298 n=2
  group 8700/14009 len=4882 n=2
  group 8750/14009 len=6998 n=2
  group 8800/14009 len=69134 n=4
  group 8850/14009 len=92530 n=9
  group 8900/14009 len=131692 n=6
  group 8950/14009 len=337976 n=2
  group 9000/14009 len=2552 n=2
  group 9050/14009 len=72891 n=2
  group 9100/14009 len=1872 n=4
  group 9150/14009 len=15485 n=2
  group 9200/14009 len=76481 n=2
  group 9250/14009 len=15833 n=2
  group 9300/14009 len=9453 n=3
  group 9350/14009 len=11743 n=2
  group 9400/14009 len=4973 n=5
  group 9450/14009 len=11516 n=3
  group 9500/14009 len=3660 n=3
  group 9550/14009 len=446407 n=2
  group 9600/14009 len=24859 n=3
  group 9650/14009 len=6863 n=2
  group 9700/14009 len=98022 n=6
  group 9750/14009 len=178818 n=2
  group 9800/14009 len=2104936 n=3
  group 9850/14009 len=51395 n=2
  group 9900/14009 len=60736 n=2
  group 9950/14009 len=183702 n=2
  group 10000/14009 len=15948 n=3
  group 10050/14009 len=86120 n=4
  group 10100/14009 len=1932812 n=6
  group 10150/14009 len=636557 n=2
  group 10200/14009 len=76486 n=2
  group 10250/14009 len=394350 n=2
  group 10300/14009 len=1168145 n=23
  group 10350/14009 len=37424 n=4
  group 10400/14009 len=134181 n=3
  group 10450/14009 len=847706 n=4
  group 10500/14009 len=269330 n=4
  group 10550/14009 len=46797 n=2
  group 10600/14009 len=780837 n=4
  group 10650/14009 len=102843 n=2
  group 10700/14009 len=12754 n=2
  group 10750/14009 len=37292 n=6
  group 10800/14009 len=357483 n=2
  group 10850/14009 len=41242 n=2
  group 10900/14009 len=9245 n=2
  group 10950/14009 len=148496 n=4
  group 11000/14009 len=30448 n=4
  group 11050/14009 len=52932 n=4
  group 11100/14009 len=10741 n=2
  group 11150/14009 len=195380 n=2
  group 11200/14009 len=105615 n=10
  group 11250/14009 len=40735 n=2
  group 11300/14009 len=70905 n=4
  group 11350/14009 len=29092 n=2
  group 11400/14009 len=19978 n=4
  group 11450/14009 len=11633 n=2
  group 11500/14009 len=33692 n=4
  group 11550/14009 len=843238 n=2
  group 11600/14009 len=262895 n=10
  group 11650/14009 len=49632 n=4
  group 11700/14009 len=10371 n=2
  group 11750/14009 len=365945 n=3
  group 11800/14009 len=17167 n=2
  group 11850/14009 len=641130 n=2
  group 11900/14009 len=330752 n=2
  group 11950/14009 len=90696 n=2
  group 12000/14009 len=18784 n=4
  group 12050/14009 len=4041 n=2
  group 12100/14009 len=4139 n=3
  group 12150/14009 len=15004 n=3
  group 12200/14009 len=2821 n=2
  group 12250/14009 len=7409 n=2
  group 12300/14009 len=4281 n=2
  group 12350/14009 len=14597 n=2
  group 12400/14009 len=1621 n=3
  group 12450/14009 len=3590284 n=2
  group 12500/14009 len=104760 n=2
  group 12550/14009 len=158008 n=2
  group 12600/14009 len=16656 n=6
  group 12650/14009 len=366856 n=2
  group 12700/14009 len=461215 n=2
  group 12750/14009 len=53656 n=2
  group 12800/14009 len=43675 n=2
  group 12850/14009 len=913344 n=2
  group 12900/14009 len=163624 n=2
  group 12950/14009 len=23187 n=2
  group 13000/14009 len=9075 n=2
  group 13050/14009 len=26089 n=2
  group 13100/14009 len=10338 n=2
  group 13150/14009 len=8141 n=2
  group 13200/14009 len=44435 n=2
  group 13250/14009 len=393377 n=2
  group 13300/14009 len=33390 n=3
  group 13350/14009 len=379905 n=2
  group 13400/14009 len=375604 n=2
  group 13450/14009 len=1524440 n=2
  group 13500/14009 len=1549140 n=2
  group 13550/14009 len=2226180 n=2
  group 13600/14009 len=2257380 n=2
  group 13650/14009 len=2728240 n=2
  group 13700/14009 len=2102940 n=2
  group 13750/14009 len=27345 n=2
  group 13800/14009 len=585551 n=2
  group 13850/14009 len=1471209 n=2
  group 13900/14009 len=81348 n=2
  group 13950/14009 len=170056 n=9
  group 14000/14009 len=222679 n=10
{
  "blobs_scanned": 109773,
  "computed_groups": 8966,
  "delete_candidates": 14969,
  "bytes_reclaimable": 360085194
}
